[LOG] Please wait while we check for updates... [6/30/2023 10:39:42 AM]
[LOG] Thank you for using Simba Dev! Launcher made by @conspiracyy on Discord, SSL and backend by DRQSuperior! [6/30/2023 10:39:45 AM]
[LOG] Please Login to continue. [6/30/2023 10:39:45 AM]
[LOG] RestRequest: RestSharp.RestRequest [6/30/2023 10:39:45 AM]
[LOG] DeviceCodeToken: {"access_token":"363a0b3bdfe6408dab00a47c77f623b8","expires_in":14400,"expires_at":"2023-06-30T19:39:45.962Z","token_type":"bearer","client_id":"98f7e42c2e3a4f86a74eb43fbb41ed39","internal_client":true,"client_service":"prod-fn","product_id":"prod-fn","application_id":"fghi4567FNFBKFz3E4TROb0bmPS8h1GW"} [6/30/2023 10:39:45 AM]
[LOG] Token: {
  "access_token": "363a0b3bdfe6408dab00a47c77f623b8",
  "expires_in": 14400,
  "expires_at": "2023-06-30T19:39:45.962Z",
  "token_type": "bearer",
  "client_id": "98f7e42c2e3a4f86a74eb43fbb41ed39",
  "internal_client": true,
  "client_service": "prod-fn",
  "product_id": "prod-fn",
  "application_id": "fghi4567FNFBKFz3E4TROb0bmPS8h1GW"
} [6/30/2023 10:39:45 AM]
[LOG] RestRequest: RestSharp.RestRequest [6/30/2023 10:39:45 AM]
[LOG] Started verification process. Please check your browser. [6/30/2023 10:39:46 AM]
[LOG] RestRequest: RestSharp.RestRequest [6/30/2023 10:39:46 AM]
[LOG] Waiting for user to authorize the app. [6/30/2023 10:39:46 AM]
[LOG] RestRequest: RestSharp.RestRequest [6/30/2023 10:39:46 AM]
[LOG] Waiting for user to authorize the app. [6/30/2023 10:39:47 AM]
[LOG] RestRequest: RestSharp.RestRequest [6/30/2023 10:39:47 AM]
[LOG] Waiting for user to authorize the app. [6/30/2023 10:39:47 AM]
[LOG] RestRequest: RestSharp.RestRequest [6/30/2023 10:39:47 AM]
[LOG] Waiting for user to authorize the app. [6/30/2023 10:39:48 AM]
[LOG] RestRequest: RestSharp.RestRequest [6/30/2023 10:39:48 AM]
[LOG] Waiting for user to authorize the app. [6/30/2023 10:39:49 AM]
[LOG] RestRequest: RestSharp.RestRequest [6/30/2023 10:39:49 AM]
[LOG] AccountInfo: 509106b7490249ca93ad68bd85dff24d:DRQSuperiorツ [6/30/2023 10:39:49 AM]
[LOG] AccessToken: a9cfc51e5766455d9948754aac232c9e [6/30/2023 10:39:49 AM]
[LOG] RestRequest: RestSharp.RestRequest [6/30/2023 10:39:49 AM]
[LOG] Exchange: {"expiresInSeconds":299,"code":"2b8ea4aa04f94aa6b4654eb1c7e3f4f4","creatingClientId":"98f7e42c2e3a4f86a74eb43fbb41ed39"} [6/30/2023 10:39:49 AM]
[LOG] Exchange: {
  "expiresInSeconds": 299,
  "code": "2b8ea4aa04f94aa6b4654eb1c7e3f4f4",
  "creatingClientId": "98f7e42c2e3a4f86a74eb43fbb41ed39"
} [6/30/2023 10:39:49 AM]
[LOG] Logging in... [6/30/2023 10:39:49 AM]
[LOG] Welcome! DRQSuperiorツ Enjoy Simba Dev! :D [6/30/2023 10:39:49 AM]
[LOG] Thanks for using Simba Dev :) [6/30/2023 10:40:54 AM]
[LOG] Launching Simba Dev! Enjoy :D [6/30/2023 10:40:54 AM]
[LOG] Launching Simba Dev! Enjoy :D [6/30/2023 10:40:54 AM]
[LOG] Please wait while we check for updates... [6/30/2023 12:43:25 PM]
[LOG] Thank you for using Simba Dev! Launcher made by @conspiracyy on Discord, SSL and backend by DRQSuperior! [6/30/2023 12:43:29 PM]
[LOG] Please Login to continue. [6/30/2023 12:43:29 PM]
[LOG] RestRequest: RestSharp.RestRequest [6/30/2023 12:43:29 PM]
[LOG] DeviceCodeToken: {"access_token":"13bc9921124644938d54348896268183","expires_in":14400,"expires_at":"2023-06-30T21:43:30.216Z","token_type":"bearer","client_id":"98f7e42c2e3a4f86a74eb43fbb41ed39","internal_client":true,"client_service":"prod-fn","product_id":"prod-fn","application_id":"fghi4567FNFBKFz3E4TROb0bmPS8h1GW"} [6/30/2023 12:43:30 PM]
[LOG] Token: {
  "access_token": "13bc9921124644938d54348896268183",
  "expires_in": 14400,
  "expires_at": "2023-06-30T21:43:30.216Z",
  "token_type": "bearer",
  "client_id": "98f7e42c2e3a4f86a74eb43fbb41ed39",
  "internal_client": true,
  "client_service": "prod-fn",
  "product_id": "prod-fn",
  "application_id": "fghi4567FNFBKFz3E4TROb0bmPS8h1GW"
} [6/30/2023 12:43:30 PM]
[LOG] RestRequest: RestSharp.RestRequest [6/30/2023 12:43:30 PM]
[LOG] Started verification process. Please check your browser. [6/30/2023 12:43:30 PM]
[LOG] RestRequest: RestSharp.RestRequest [6/30/2023 12:43:30 PM]
[LOG] Waiting for user to authorize the app. [6/30/2023 12:43:30 PM]
[LOG] RestRequest: RestSharp.RestRequest [6/30/2023 12:43:30 PM]
[LOG] Waiting for user to authorize the app. [6/30/2023 12:43:31 PM]
[LOG] RestRequest: RestSharp.RestRequest [6/30/2023 12:43:31 PM]
[LOG] Waiting for user to authorize the app. [6/30/2023 12:43:31 PM]
[LOG] RestRequest: RestSharp.RestRequest [6/30/2023 12:43:31 PM]
[LOG] Waiting for user to authorize the app. [6/30/2023 12:43:32 PM]
[LOG] RestRequest: RestSharp.RestRequest [6/30/2023 12:43:32 PM]
[LOG] Waiting for user to authorize the app. [6/30/2023 12:43:33 PM]
[LOG] RestRequest: RestSharp.RestRequest [6/30/2023 12:43:33 PM]
[LOG] Waiting for user to authorize the app. [6/30/2023 12:43:33 PM]
[LOG] RestRequest: RestSharp.RestRequest [6/30/2023 12:43:33 PM]
[LOG] Waiting for user to authorize the app. [6/30/2023 12:43:34 PM]
[LOG] RestRequest: RestSharp.RestRequest [6/30/2023 12:43:34 PM]
[LOG] Waiting for user to authorize the app. [6/30/2023 12:43:34 PM]
[LOG] RestRequest: RestSharp.RestRequest [6/30/2023 12:43:34 PM]
[LOG] AccountInfo: 509106b7490249ca93ad68bd85dff24d:DRQSuperiorツ [6/30/2023 12:43:35 PM]
[LOG] AccessToken: b992ee7219a24ee49494322cc4a3b19d [6/30/2023 12:43:35 PM]
[LOG] RestRequest: RestSharp.RestRequest [6/30/2023 12:43:35 PM]
[LOG] Exchange: {"expiresInSeconds":300,"code":"8bcba9e7696640fa8bf18d779e71e514","creatingClientId":"98f7e42c2e3a4f86a74eb43fbb41ed39"} [6/30/2023 12:43:35 PM]
[LOG] Exchange: {
  "expiresInSeconds": 300,
  "code": "8bcba9e7696640fa8bf18d779e71e514",
  "creatingClientId": "98f7e42c2e3a4f86a74eb43fbb41ed39"
} [6/30/2023 12:43:35 PM]
[LOG] Logging in... [6/30/2023 12:43:35 PM]
[LOG] Welcome! DRQSuperiorツ Enjoy Simba Dev! :D [6/30/2023 12:43:35 PM]
[LOG] Thanks for using Simba Dev :) [6/30/2023 12:45:46 PM]
[LOG] Launching Simba Dev! Enjoy :D [6/30/2023 12:45:46 PM]
[LOG] Launching Simba Dev! Enjoy :D [6/30/2023 12:45:46 PM]
[LOG] Please wait while we check for updates... [6/30/2023 12:55:00 PM]
[LOG] Please wait while we check for updates... [6/30/2023 12:55:04 PM]
[LOG] Thank you for using Simba Dev! Launcher made by @conspiracyy on Discord, SSL and backend by DRQSuperior! [6/30/2023 12:55:07 PM]
[LOG] Please Login to continue. [6/30/2023 12:55:07 PM]
[LOG] RestRequest: RestSharp.RestRequest [6/30/2023 12:55:07 PM]
[LOG] DeviceCodeToken: {"access_token":"8bbfc488583147ff9912dc6846a2d602","expires_in":14400,"expires_at":"2023-06-30T21:55:08.115Z","token_type":"bearer","client_id":"98f7e42c2e3a4f86a74eb43fbb41ed39","internal_client":true,"client_service":"prod-fn","product_id":"prod-fn","application_id":"fghi4567FNFBKFz3E4TROb0bmPS8h1GW"} [6/30/2023 12:55:07 PM]
[LOG] Token: {
  "access_token": "8bbfc488583147ff9912dc6846a2d602",
  "expires_in": 14400,
  "expires_at": "2023-06-30T21:55:08.115Z",
  "token_type": "bearer",
  "client_id": "98f7e42c2e3a4f86a74eb43fbb41ed39",
  "internal_client": true,
  "client_service": "prod-fn",
  "product_id": "prod-fn",
  "application_id": "fghi4567FNFBKFz3E4TROb0bmPS8h1GW"
} [6/30/2023 12:55:07 PM]
[LOG] RestRequest: RestSharp.RestRequest [6/30/2023 12:55:07 PM]
[LOG] Started verification process. Please check your browser. [6/30/2023 12:55:08 PM]
[LOG] RestRequest: RestSharp.RestRequest [6/30/2023 12:55:08 PM]
[LOG] Waiting for user to authorize the app. [6/30/2023 12:55:08 PM]
[LOG] RestRequest: RestSharp.RestRequest [6/30/2023 12:55:08 PM]
[LOG] Waiting for user to authorize the app. [6/30/2023 12:55:09 PM]
[LOG] RestRequest: RestSharp.RestRequest [6/30/2023 12:55:09 PM]
[LOG] Waiting for user to authorize the app. [6/30/2023 12:55:10 PM]
[LOG] RestRequest: RestSharp.RestRequest [6/30/2023 12:55:10 PM]
[LOG] Waiting for user to authorize the app. [6/30/2023 12:55:10 PM]
[LOG] RestRequest: RestSharp.RestRequest [6/30/2023 12:55:10 PM]
[LOG] Waiting for user to authorize the app. [6/30/2023 12:55:11 PM]
[LOG] RestRequest: RestSharp.RestRequest [6/30/2023 12:55:11 PM]
[LOG] Waiting for user to authorize the app. [6/30/2023 12:55:11 PM]
[LOG] RestRequest: RestSharp.RestRequest [6/30/2023 12:55:11 PM]
[LOG] AccountInfo: 509106b7490249ca93ad68bd85dff24d:DRQSuperiorツ [6/30/2023 12:55:12 PM]
[LOG] AccessToken: 57c6a5c77be24801933031bd1d88096b [6/30/2023 12:55:12 PM]
[LOG] RestRequest: RestSharp.RestRequest [6/30/2023 12:55:12 PM]
[LOG] Exchange: {"expiresInSeconds":300,"code":"d601904958a14438bcebb4723ce665af","creatingClientId":"98f7e42c2e3a4f86a74eb43fbb41ed39"} [6/30/2023 12:55:12 PM]
[LOG] Exchange: {
  "expiresInSeconds": 300,
  "code": "d601904958a14438bcebb4723ce665af",
  "creatingClientId": "98f7e42c2e3a4f86a74eb43fbb41ed39"
} [6/30/2023 12:55:12 PM]
[LOG] Logging in... [6/30/2023 12:55:12 PM]
[LOG] Welcome! DRQSuperiorツ Enjoy Simba Dev! :D [6/30/2023 12:55:12 PM]
[LOG] Please wait while we check for updates... [6/30/2023 12:56:04 PM]
[LOG] Please wait while we check for updates... [6/30/2023 12:56:08 PM]
[LOG] Thank you for using Simba Dev! Launcher made by @conspiracyy on Discord, SSL and backend by DRQSuperior! [6/30/2023 12:56:11 PM]
[LOG] Please Login to continue. [6/30/2023 12:56:11 PM]
[LOG] RestRequest: RestSharp.RestRequest [6/30/2023 12:56:11 PM]
[LOG] DeviceCodeToken: {"access_token":"763b7d4aa7e0478bb44cae56c2c0c6dd","expires_in":14400,"expires_at":"2023-06-30T21:56:12.195Z","token_type":"bearer","client_id":"98f7e42c2e3a4f86a74eb43fbb41ed39","internal_client":true,"client_service":"prod-fn","product_id":"prod-fn","application_id":"fghi4567FNFBKFz3E4TROb0bmPS8h1GW"} [6/30/2023 12:56:11 PM]
[LOG] Token: {
  "access_token": "763b7d4aa7e0478bb44cae56c2c0c6dd",
  "expires_in": 14400,
  "expires_at": "2023-06-30T21:56:12.195Z",
  "token_type": "bearer",
  "client_id": "98f7e42c2e3a4f86a74eb43fbb41ed39",
  "internal_client": true,
  "client_service": "prod-fn",
  "product_id": "prod-fn",
  "application_id": "fghi4567FNFBKFz3E4TROb0bmPS8h1GW"
} [6/30/2023 12:56:12 PM]
[LOG] RestRequest: RestSharp.RestRequest [6/30/2023 12:56:12 PM]
[LOG] Started verification process. Please check your browser. [6/30/2023 12:56:12 PM]
[LOG] RestRequest: RestSharp.RestRequest [6/30/2023 12:56:12 PM]
[LOG] Waiting for user to authorize the app. [6/30/2023 12:56:12 PM]
[LOG] RestRequest: RestSharp.RestRequest [6/30/2023 12:56:12 PM]
[LOG] Waiting for user to authorize the app. [6/30/2023 12:56:13 PM]
[LOG] RestRequest: RestSharp.RestRequest [6/30/2023 12:56:13 PM]
[LOG] Waiting for user to authorize the app. [6/30/2023 12:56:13 PM]
[LOG] RestRequest: RestSharp.RestRequest [6/30/2023 12:56:13 PM]
[LOG] Waiting for user to authorize the app. [6/30/2023 12:56:14 PM]
[LOG] RestRequest: RestSharp.RestRequest [6/30/2023 12:56:14 PM]
[LOG] Waiting for user to authorize the app. [6/30/2023 12:56:15 PM]
[LOG] RestRequest: RestSharp.RestRequest [6/30/2023 12:56:15 PM]
[LOG] AccountInfo: 509106b7490249ca93ad68bd85dff24d:DRQSuperiorツ [6/30/2023 12:56:15 PM]
[LOG] AccessToken: 8010971ff09e41978b0c91950d1993cd [6/30/2023 12:56:15 PM]
[LOG] RestRequest: RestSharp.RestRequest [6/30/2023 12:56:15 PM]
[LOG] Exchange: {"expiresInSeconds":299,"code":"3d493c20e6a94ede8764bc021290d1a6","creatingClientId":"98f7e42c2e3a4f86a74eb43fbb41ed39"} [6/30/2023 12:56:15 PM]
[LOG] Exchange: {
  "expiresInSeconds": 299,
  "code": "3d493c20e6a94ede8764bc021290d1a6",
  "creatingClientId": "98f7e42c2e3a4f86a74eb43fbb41ed39"
} [6/30/2023 12:56:15 PM]
[LOG] Logging in... [6/30/2023 12:56:15 PM]
[LOG] Welcome! DRQSuperiorツ Enjoy Simba Dev! :D [6/30/2023 12:56:15 PM]
